<?xml version="1.0" encoding="UTF-8"?>
<!-- Generated by org.testng.reporters.JUnitXMLReporter -->
<testsuite hostname="pawan-PC" name="Practice Grouping" tests="5" failures="0" timestamp="26 Dec 2016 15:52:03 GMT" time="0.062" errors="0">
  <testcase name="Car1" time="0.021" classname="TestNg.Grouping"/>
  <testcase name="Car2" time="0.001" classname="TestNg.Grouping"/>
  <testcase name="Scooter1" time="0.001" classname="TestNg.Grouping"/>
  <testcase name="Scooter2" time="0.001" classname="TestNg.Grouping"/>
  <testcase name="Sedan1" time="0.001" classname="TestNg.Grouping"/>
</testsuite> <!-- Practice Grouping -->
