<?xml version="1.0" encoding="UTF-8"?>
<testng-results skipped="0" failed="0" total="1" passed="1">
  <reporter-output>
  </reporter-output>
  <suite name="Suite" duration-ms="9153" started-at="2017-01-04T16:53:56Z" finished-at="2017-01-04T16:54:05Z">
    <groups>
    </groups>
    <test name="ToolsQA" duration-ms="9153" started-at="2017-01-04T16:53:56Z" finished-at="2017-01-04T16:54:05Z">
      <class name="TestNg_DataProvider.TestngParameters">
        <test-method status="PASS" signature="test(java.lang.String, java.lang.String)[pri:0, instance:TestNg_DataProvider.TestngParameters@e45eb6]" name="test" duration-ms="9128" started-at="2017-01-04T22:23:56Z" finished-at="2017-01-04T22:24:05Z">
          <params>
            <param index="0">
              <value>
                <![CDATA[testuser_1]]>
              </value>
            </param>
            <param index="1">
              <value>
                <![CDATA[Test@123]]>
              </value>
            </param>
          </params>
          <reporter-output>
          </reporter-output>
        </test-method> <!-- test -->
      </class> <!-- TestNg_DataProvider.TestngParameters -->
    </test> <!-- ToolsQA -->
  </suite> <!-- Suite -->
</testng-results>
